<?xml version="1.0" encoding="UTF-8"?>
<!-- Generated by org.testng.reporters.JUnitReportReporter -->
<testsuite hostname="DESKTOP-5KR3QEN" failures="0" tests="1" name="com.inetbanking.TestCases.TC_addCustomerTest_003" time="46.645" errors="0" timestamp="2021-10-11T20:30:45 IST" skipped="0">
  <testcase classname="com.inetbanking.TestCases.TC_addCustomerTest_003" name="AddNewCustomer" time="46.645"/>
  <system-out/>
</testsuite> <!-- com.inetbanking.TestCases.TC_addCustomerTest_003 -->
