<?xml version="1.0" encoding="UTF-8"?>
<!-- Generated by org.testng.reporters.JUnitReportReporter -->
<testsuite hostname="DESKTOP-5KR3QEN" failures="0" tests="5" name="com.inetbanking.TestCases.TC_LoginDDT_002" time="305.063" errors="0" timestamp="2021-10-11T20:30:45 IST" skipped="0">
  <testcase classname="com.inetbanking.TestCases.TC_LoginDDT_002" name="loginDDT" time="44.150"/>
  <system-out/>
  <testcase classname="com.inetbanking.TestCases.TC_LoginDDT_002" name="loginDDT" time="87.372"/>
  <system-out/>
  <testcase classname="com.inetbanking.TestCases.TC_LoginDDT_002" name="loginDDT" time="87.133"/>
  <system-out/>
  <testcase classname="com.inetbanking.TestCases.TC_LoginDDT_002" name="loginDDT" time="43.201"/>
  <system-out/>
  <testcase classname="com.inetbanking.TestCases.TC_LoginDDT_002" name="loginDDT" time="43.207"/>
  <system-out/>
</testsuite> <!-- com.inetbanking.TestCases.TC_LoginDDT_002 -->
