<?xml version="1.0" encoding="UTF-8"?>
<!-- Generated by org.testng.reporters.JUnitReportReporter -->
<testsuite hostname="DESKTOP-5KR3QEN" failures="0" tests="5" name="com.inetbanking.TestCases.TC_LoginDDT_002" time="9.644" errors="0" timestamp="2021-10-13T22:52:39 IST" skipped="0">
  <testcase classname="com.inetbanking.TestCases.TC_LoginDDT_002" name="loginDDT" time="2.394"/>
  <system-out/>
  <testcase classname="com.inetbanking.TestCases.TC_LoginDDT_002" name="loginDDT" time="2.669"/>
  <system-out/>
  <testcase classname="com.inetbanking.TestCases.TC_LoginDDT_002" name="loginDDT" time="1.956"/>
  <system-out/>
  <testcase classname="com.inetbanking.TestCases.TC_LoginDDT_002" name="loginDDT" time="1.326"/>
  <system-out/>
  <testcase classname="com.inetbanking.TestCases.TC_LoginDDT_002" name="loginDDT" time="1.299"/>
  <system-out/>
</testsuite> <!-- com.inetbanking.TestCases.TC_LoginDDT_002 -->
