<?xml version="1.0" encoding="UTF-8"?>
<!-- Generated by org.testng.reporters.JUnitReportReporter -->
<testsuite hostname="DESKTOP-5KR3QEN" failures="0" tests="1" name="com.inetbanking.TestCases.TC_LoginTest_001" time="1.504" errors="0" timestamp="2021-10-13T22:52:39 IST" skipped="0">
  <testcase classname="com.inetbanking.TestCases.TC_LoginTest_001" name="loginTest" time="1.504"/>
  <system-out/>
</testsuite> <!-- com.inetbanking.TestCases.TC_LoginTest_001 -->
